Using pre-set license
Built from '2021.3/staging' branch; Version is '2021.3.15f1 (e8e88683f834) revision 15263878'; Using compiler version '192829333'; Build Type 'Release'
OS: 'Windows 11  (10.0.22621) 64bit CoreSingleLanguage' Language: 'pt' Physical Memory: 16215 MB
BatchMode: 1, IsHumanControllingUs: 0, StartBugReporterOnCrash: 0, Is64bit: 1, IsPro: 1

COMMAND LINE ARGUMENTS:
C:\Program Files\Unity\Hub\Editor\2021.3.15f1\Editor\Unity.exe
-adb2
-batchMode
-noUpm
-name
AssetImportWorker1
-projectPath
C:/Users/victo/Desktop/67Bits
-logFile
Logs/AssetImportWorker1.log
-srvPort
53596
Successfully changed project path to: C:/Users/victo/Desktop/67Bits
C:/Users/victo/Desktop/67Bits
[UnityMemory] Configuration Parameters - Can be set up in boot.config
    "memorysetup-bucket-allocator-granularity=16"
    "memorysetup-bucket-allocator-bucket-count=8"
    "memorysetup-bucket-allocator-block-size=33554432"
    "memorysetup-bucket-allocator-block-count=8"
    "memorysetup-main-allocator-block-size=16777216"
    "memorysetup-thread-allocator-block-size=16777216"
    "memorysetup-gfx-main-allocator-block-size=16777216"
    "memorysetup-gfx-thread-allocator-block-size=16777216"
    "memorysetup-cache-allocator-block-size=4194304"
    "memorysetup-typetree-allocator-block-size=2097152"
    "memorysetup-profiler-bucket-allocator-granularity=16"
    "memorysetup-profiler-bucket-allocator-bucket-count=8"
    "memorysetup-profiler-bucket-allocator-block-size=33554432"
    "memorysetup-profiler-bucket-allocator-block-count=8"
    "memorysetup-profiler-allocator-block-size=16777216"
    "memorysetup-profiler-editor-allocator-block-size=1048576"
    "memorysetup-temp-allocator-size-main=16777216"
    "memorysetup-job-temp-allocator-block-size=2097152"
    "memorysetup-job-temp-allocator-block-size-background=1048576"
    "memorysetup-job-temp-allocator-reduction-small-platforms=262144"
    "memorysetup-temp-allocator-size-background-worker=32768"
    "memorysetup-temp-allocator-size-job-worker=262144"
    "memorysetup-temp-allocator-size-preload-manager=33554432"
    "memorysetup-temp-allocator-size-nav-mesh-worker=65536"
    "memorysetup-temp-allocator-size-audio-worker=65536"
    "memorysetup-temp-allocator-size-cloud-worker=32768"
    "memorysetup-temp-allocator-size-gi-baking-worker=262144"
    "memorysetup-temp-allocator-size-gfx=262144"
Player connection [2072] Host "[IP] 192.168.0.5 [Port] 0 [Flags] 2 [Guid] 1461737076 [EditorId] 1461737076 [Version] 1048832 [Id] WindowsEditor(7,LAPTOP-0OGTIO00) [Debug] 1 [PackageName] WindowsEditor [ProjectName] Editor" joined multi-casting on [225.0.0.222:54997]...

Player connection [2072] Host "[IP] 192.168.0.5 [Port] 0 [Flags] 2 [Guid] 1461737076 [EditorId] 1461737076 [Version] 1048832 [Id] WindowsEditor(7,LAPTOP-0OGTIO00) [Debug] 1 [PackageName] WindowsEditor [ProjectName] Editor" joined alternative multi-casting on [225.0.0.222:34997]...

Refreshing native plugins compatible for Editor in 81.02 ms, found 3 plugins.
Preloading 0 native plugins for Editor in 0.00 ms.
Initialize engine version: 2021.3.15f1 (e8e88683f834)
[Subsystems] Discovering subsystems at path C:/Program Files/Unity/Hub/Editor/2021.3.15f1/Editor/Data/Resources/UnitySubsystems
[Subsystems] Discovering subsystems at path C:/Users/victo/Desktop/67Bits/Assets
GfxDevice: creating device client; threaded=0; jobified=0
Direct3D:
    Version:  Direct3D 11.0 [level 11.1]
    Renderer: NVIDIA GeForce RTX 2070 with Max-Q Design (ID=0x1f14)
    Vendor:   NVIDIA
    VRAM:     8031 MB
    Driver:   27.21.14.6589
Initialize mono
Mono path[0] = 'C:/Program Files/Unity/Hub/Editor/2021.3.15f1/Editor/Data/Managed'
Mono path[1] = 'C:/Program Files/Unity/Hub/Editor/2021.3.15f1/Editor/Data/MonoBleedingEdge/lib/mono/unityjit-win32'
Mono config path = 'C:/Program Files/Unity/Hub/Editor/2021.3.15f1/Editor/Data/MonoBleedingEdge/etc'
Using monoOptions --debugger-agent=transport=dt_socket,embedding=1,server=y,suspend=n,address=127.0.0.1:56212
Begin MonoManager ReloadAssembly
Registering precompiled unity dll's ...
Register platform support module: C:/Program Files/Unity/Hub/Editor/2021.3.15f1/Editor/Data/PlaybackEngines/WindowsStandaloneSupport/UnityEditor.WindowsStandalone.Extensions.dll
Registered in 0.003898 seconds.
Native extension for WindowsStandalone target not found
Refreshing native plugins compatible for Editor in 80.64 ms, found 3 plugins.
Preloading 0 native plugins for Editor in 0.00 ms.
Mono: successfully reloaded assembly
- Completed reload, in  0.647 seconds
Domain Reload Profiling:
	ReloadAssembly (647ms)
		BeginReloadAssembly (79ms)
			ExecutionOrderSort (0ms)
			DisableScriptedObjects (0ms)
			BackupInstance (0ms)
			ReleaseScriptingObjects (0ms)
			CreateAndSetChildDomain (1ms)
		EndReloadAssembly (456ms)
			LoadAssemblies (77ms)
			RebuildTransferFunctionScriptingTraits (0ms)
			SetupTypeCache (112ms)
			ReleaseScriptCaches (0ms)
			RebuildScriptCaches (28ms)
			SetupLoadedEditorAssemblies (267ms)
				LogAssemblyErrors (0ms)
				InitializePlatformSupportModulesInManaged (7ms)
				SetLoadedEditorAssemblies (0ms)
				RefreshPlugins (81ms)
				BeforeProcessingInitializeOnLoad (1ms)
				ProcessInitializeOnLoadAttributes (128ms)
				ProcessInitializeOnLoadMethodAttributes (50ms)
				AfterProcessingInitializeOnLoad (0ms)
				EditorAssembliesLoaded (0ms)
			ExecutionOrderSort2 (0ms)
			AwakeInstancesAfterBackupRestoration (0ms)
Platform modules already initialized, skipping
Registering precompiled user dll's ...
Registered in 0.005884 seconds.
Begin MonoManager ReloadAssembly
Symbol file LoadedFromMemory doesn't match image C:\Users\victo\Desktop\67Bits\Library\PackageCache\com.unity.visualscripting@1.7.8\Editor\VisualScripting.Core\Dependencies\YamlDotNet\Unity.VisualScripting.YamlDotNet.dll
Symbol file LoadedFromMemory doesn't match image C:\Users\victo\Desktop\67Bits\Library\PackageCache\com.unity.visualscripting@1.7.8\Editor\VisualScripting.Core\Dependencies\DotNetZip\Unity.VisualScripting.IonicZip.dll
Native extension for WindowsStandalone target not found
Refreshing native plugins compatible for Editor in 0.54 ms, found 3 plugins.
Preloading 0 native plugins for Editor in 0.00 ms.
Mono: successfully reloaded assembly
- Completed reload, in  1.038 seconds
Domain Reload Profiling:
	ReloadAssembly (1039ms)
		BeginReloadAssembly (103ms)
			ExecutionOrderSort (0ms)
			DisableScriptedObjects (6ms)
			BackupInstance (0ms)
			ReleaseScriptingObjects (0ms)
			CreateAndSetChildDomain (18ms)
		EndReloadAssembly (831ms)
			LoadAssemblies (75ms)
			RebuildTransferFunctionScriptingTraits (0ms)
			SetupTypeCache (302ms)
			ReleaseScriptCaches (1ms)
			RebuildScriptCaches (50ms)
			SetupLoadedEditorAssemblies (359ms)
				LogAssemblyErrors (0ms)
				InitializePlatformSupportModulesInManaged (5ms)
				SetLoadedEditorAssemblies (0ms)
				RefreshPlugins (1ms)
				BeforeProcessingInitializeOnLoad (86ms)
				ProcessInitializeOnLoadAttributes (234ms)
				ProcessInitializeOnLoadMethodAttributes (27ms)
				AfterProcessingInitializeOnLoad (6ms)
				EditorAssembliesLoaded (0ms)
			ExecutionOrderSort2 (0ms)
			AwakeInstancesAfterBackupRestoration (6ms)
Platform modules already initialized, skipping
========================================================================
Worker process is ready to serve import requests
Launched and connected shader compiler UnityShaderCompiler.exe after 0.07 seconds
Refreshing native plugins compatible for Editor in 0.69 ms, found 3 plugins.
Preloading 0 native plugins for Editor in 0.00 ms.
Unloading 3361 Unused Serialized files (Serialized files now loaded: 0)
Unloading 27 unused Assets / (113.4 KB). Loaded Objects now: 3818.
Memory consumption went from 115.5 MB to 115.4 MB.
Total: 2.659000 ms (FindLiveObjects: 0.258200 ms CreateObjectMapping: 0.203900 ms MarkObjects: 2.113300 ms  DeleteObjects: 0.082500 ms)

AssetImportParameters requested are different than current active one (requested -> active):
  custom:video-decoder-ogg-theora: a1e56fd34408186e4bbccfd4996cb3dc -> 
  custom:container-muxer-webm: aa71ff27fc2769a1b78a27578f13a17b -> 
  custom:container-demuxer-webm: 4f35f7cbe854078d1ac9338744f61a02 -> 
  custom:video-encoder-webm-vp8: eb34c28f22e8b96e1ab97ce403110664 -> 
  custom:audio-encoder-webm-vorbis: bf7c407c2cedff20999df2af8eb42d56 -> 
  custom:framework-win-MediaFoundation: 216162199b28c13a410421893ffa2e32 -> 
  custom:container-demuxer-ogg: 62fdf1f143b41e24485cea50d1cbac27 -> 
  custom:video-decoder-webm-vp8: 9c59270c3fd7afecdb556c50c9e8de78 -> 
  custom:audio-decoder-ogg-vorbis: bf7c407c2cedff20999df2af8eb42d56 -> 
========================================================================
Received Import Request.
  Time since last request: 289149.104190 seconds.
  path: Assets/Scenes/Human_cloth_model/_Demo/DemoGroundMesh.fbx
  artifactKey: Guid(d79090edcd04e7a4e8a1f73ee06aef18) Importer(815301076,1909f56bfc062723c751e8b465ee728b)
Start importing Assets/Scenes/Human_cloth_model/_Demo/DemoGroundMesh.fbx using Guid(d79090edcd04e7a4e8a1f73ee06aef18) Importer(815301076,1909f56bfc062723c751e8b465ee728b)  -> (artifact id: '4c16ec6d4228536192afc125d7780a47') in 0.428613 seconds 
========================================================================
Received Import Request.
  Time since last request: 19.054673 seconds.
  path: Assets/Scenes/Human_cloth_model/Animations/Idle.fbx
  artifactKey: Guid(b852a884cbae6d74b84d1dbd6116b293) Importer(815301076,1909f56bfc062723c751e8b465ee728b)
Start importing Assets/Scenes/Human_cloth_model/Animations/Idle.fbx using Guid(b852a884cbae6d74b84d1dbd6116b293) Importer(815301076,1909f56bfc062723c751e8b465ee728b)  -> (artifact id: '457478a8593206af49456591bafa461e') in 0.052657 seconds 
========================================================================
Received Import Request.
  Time since last request: 0.000027 seconds.
  path: Assets/Scenes/Human_cloth_model/Animations/Run.fbx
  artifactKey: Guid(fd7afb4766c86ee4bb8d1e98fec0e6da) Importer(815301076,1909f56bfc062723c751e8b465ee728b)
Start importing Assets/Scenes/Human_cloth_model/Animations/Run.fbx using Guid(fd7afb4766c86ee4bb8d1e98fec0e6da) Importer(815301076,1909f56bfc062723c751e8b465ee728b)  -> (artifact id: '489ce31e569a348a81c23a4a0b40b888') in 0.031637 seconds 
========================================================================
Received Import Request.
  Time since last request: 1.711338 seconds.
  path: Assets/Scenes/Human_cloth_model/Materials/Color_Palette_2.mat
  artifactKey: Guid(c3473ba1078797346a6e1fb3211e31ac) Importer(815301076,1909f56bfc062723c751e8b465ee728b)
Start importing Assets/Scenes/Human_cloth_model/Materials/Color_Palette_2.mat using Guid(c3473ba1078797346a6e1fb3211e31ac) Importer(815301076,1909f56bfc062723c751e8b465ee728b)  -> (artifact id: '160b655290742eb598a78dececa3a06d') in 0.106340 seconds 
========================================================================
Received Import Request.
  Time since last request: 0.000046 seconds.
  path: Assets/Scenes/Human_cloth_model/Materials/Color_Palette_6.mat
  artifactKey: Guid(dfcb81ff8d808334c8d6a671700141de) Importer(815301076,1909f56bfc062723c751e8b465ee728b)
Start importing Assets/Scenes/Human_cloth_model/Materials/Color_Palette_6.mat using Guid(dfcb81ff8d808334c8d6a671700141de) Importer(815301076,1909f56bfc062723c751e8b465ee728b)  -> (artifact id: '69495bd62bc44460342a4caa7eef5683') in 0.016912 seconds 
========================================================================
Received Import Request.
  Time since last request: 0.000054 seconds.
  path: Assets/Scenes/Human_cloth_model/Materials/Color_Palette_4.mat
  artifactKey: Guid(e769cdb5124378c40a7bb1dade515ba3) Importer(815301076,1909f56bfc062723c751e8b465ee728b)
Start importing Assets/Scenes/Human_cloth_model/Materials/Color_Palette_4.mat using Guid(e769cdb5124378c40a7bb1dade515ba3) Importer(815301076,1909f56bfc062723c751e8b465ee728b)  -> (artifact id: 'd7128ee4c3dab86c4dd2a46da84b73f8') in 0.015389 seconds 
========================================================================
Received Import Request.
  Time since last request: 3.747400 seconds.
  path: Assets/Scenes/Human_cloth_model/Models/Characters/Character_Man.fbx
  artifactKey: Guid(34bea9670b1b546438039b18a354a39b) Importer(815301076,1909f56bfc062723c751e8b465ee728b)
Start importing Assets/Scenes/Human_cloth_model/Models/Characters/Character_Man.fbx using Guid(34bea9670b1b546438039b18a354a39b) Importer(815301076,1909f56bfc062723c751e8b465ee728b)  -> (artifact id: '10331b6e71afcb1fbf02899eb17a73e2') in 0.060195 seconds 
========================================================================
Received Import Request.
  Time since last request: 3.069619 seconds.
  path: Assets/Scenes/Human_cloth_model/Prefabs/Accessories/Glasses_01.prefab
  artifactKey: Guid(6a12b424229e6e54aa9f33ed5ac37337) Importer(815301076,1909f56bfc062723c751e8b465ee728b)
Start importing Assets/Scenes/Human_cloth_model/Prefabs/Accessories/Glasses_01.prefab using Guid(6a12b424229e6e54aa9f33ed5ac37337) Importer(815301076,1909f56bfc062723c751e8b465ee728b)  -> (artifact id: '152048b318ec21cdca22583afdeba524') in 0.016799 seconds 
========================================================================
Received Import Request.
  Time since last request: 0.000021 seconds.
  path: Assets/Scenes/Human_cloth_model/Prefabs/Accessories/Moustache.prefab
  artifactKey: Guid(d1945f2796836a542b7eea48290e25a6) Importer(815301076,1909f56bfc062723c751e8b465ee728b)
Start importing Assets/Scenes/Human_cloth_model/Prefabs/Accessories/Moustache.prefab using Guid(d1945f2796836a542b7eea48290e25a6) Importer(815301076,1909f56bfc062723c751e8b465ee728b)  -> (artifact id: '9de0da6d945cc87cb7c827896c773fba') in 0.013496 seconds 
========================================================================
Received Import Request.
  Time since last request: 0.000029 seconds.
  path: Assets/Scenes/Human_cloth_model/Prefabs/Accessories/Glasses_04.prefab
  artifactKey: Guid(dab51a9ab5e4a2545b67873c2dd417b9) Importer(815301076,1909f56bfc062723c751e8b465ee728b)
Start importing Assets/Scenes/Human_cloth_model/Prefabs/Accessories/Glasses_04.prefab using Guid(dab51a9ab5e4a2545b67873c2dd417b9) Importer(815301076,1909f56bfc062723c751e8b465ee728b)  -> (artifact id: '8b68442109b3c8955c8364910fdcd650') in 0.015319 seconds 
========================================================================
Received Import Request.
  Time since last request: 0.000025 seconds.
  path: Assets/Scenes/Human_cloth_model/Prefabs/Accessories/Glasses_05.prefab
  artifactKey: Guid(296ac99068ab1964bb58cfe55198cd8e) Importer(815301076,1909f56bfc062723c751e8b465ee728b)
Start importing Assets/Scenes/Human_cloth_model/Prefabs/Accessories/Glasses_05.prefab using Guid(296ac99068ab1964bb58cfe55198cd8e) Importer(815301076,1909f56bfc062723c751e8b465ee728b)  -> (artifact id: '5bb6a87fdbf7fb06a9df309bb5d9a650') in 0.014391 seconds 
========================================================================
Received Import Request.
  Time since last request: 0.000038 seconds.
  path: Assets/Scenes/Human_cloth_model/Prefabs/Accessories/Hat_Crown.prefab
  artifactKey: Guid(433c9d8b5191de54d9dca1c0fcfde5fa) Importer(815301076,1909f56bfc062723c751e8b465ee728b)
Start importing Assets/Scenes/Human_cloth_model/Prefabs/Accessories/Hat_Crown.prefab using Guid(433c9d8b5191de54d9dca1c0fcfde5fa) Importer(815301076,1909f56bfc062723c751e8b465ee728b)  -> (artifact id: '2bc0886ab577c554e1434d54398c0de0') in 0.013135 seconds 
========================================================================
Received Import Request.
  Time since last request: 0.000030 seconds.
  path: Assets/Scenes/Human_cloth_model/Prefabs/Accessories/Hat_Sombrero.prefab
  artifactKey: Guid(ee0d994d62c5c3a458a7d86cc62a15e5) Importer(815301076,1909f56bfc062723c751e8b465ee728b)
Start importing Assets/Scenes/Human_cloth_model/Prefabs/Accessories/Hat_Sombrero.prefab using Guid(ee0d994d62c5c3a458a7d86cc62a15e5) Importer(815301076,1909f56bfc062723c751e8b465ee728b)  -> (artifact id: '5f16db6f1155fe530ab58beb031bbdcf') in 0.014725 seconds 
========================================================================
Received Import Request.
  Time since last request: 0.000032 seconds.
  path: Assets/Scenes/Human_cloth_model/Prefabs/Accessories/Hat_Top.prefab
  artifactKey: Guid(43f3bd8217a57cf41977fc4bca2dfe7e) Importer(815301076,1909f56bfc062723c751e8b465ee728b)
Start importing Assets/Scenes/Human_cloth_model/Prefabs/Accessories/Hat_Top.prefab using Guid(43f3bd8217a57cf41977fc4bca2dfe7e) Importer(815301076,1909f56bfc062723c751e8b465ee728b)  -> (artifact id: '7b3c71ec9c6f24ee6ed5c7f1aa3a880b') in 0.015070 seconds 
========================================================================
Received Import Request.
  Time since last request: 4.146633 seconds.
  path: Assets/Scenes/Human_cloth_model/Models/Accessories/Glasses_01.fbx
  artifactKey: Guid(9df195089649d6b4199daa62f1188696) Importer(815301076,1909f56bfc062723c751e8b465ee728b)
Start importing Assets/Scenes/Human_cloth_model/Models/Accessories/Glasses_01.fbx using Guid(9df195089649d6b4199daa62f1188696) Importer(815301076,1909f56bfc062723c751e8b465ee728b)  -> (artifact id: 'c3cb375049ec771554a9c902f8359d5e') in 0.013924 seconds 
========================================================================
Received Import Request.
  Time since last request: 0.000031 seconds.
  path: Assets/Scenes/Human_cloth_model/Models/Accessories/Hat_Sombrero.fbx
  artifactKey: Guid(f21e598b642265340a6cb0489b0fdbd5) Importer(815301076,1909f56bfc062723c751e8b465ee728b)
Start importing Assets/Scenes/Human_cloth_model/Models/Accessories/Hat_Sombrero.fbx using Guid(f21e598b642265340a6cb0489b0fdbd5) Importer(815301076,1909f56bfc062723c751e8b465ee728b)  -> (artifact id: 'fcc36ead081010af2268afc41bbcc84c') in 0.016189 seconds 
========================================================================
Received Import Request.
  Time since last request: 0.000041 seconds.
  path: Assets/Scenes/Human_cloth_model/Models/Accessories/Hat_Cowboy.fbx
  artifactKey: Guid(fdde7f8e174e8274c8bffff2eab70501) Importer(815301076,1909f56bfc062723c751e8b465ee728b)
Start importing Assets/Scenes/Human_cloth_model/Models/Accessories/Hat_Cowboy.fbx using Guid(fdde7f8e174e8274c8bffff2eab70501) Importer(815301076,1909f56bfc062723c751e8b465ee728b)  -> (artifact id: 'fcd4bc80606a01739e17fda4aef5563c') in 0.016576 seconds 
========================================================================
Received Import Request.
  Time since last request: 0.000033 seconds.
  path: Assets/Scenes/Human_cloth_model/Models/Accessories/Hair_02.fbx
  artifactKey: Guid(972e0bd0f60782b4e911947cd9e6a2ca) Importer(815301076,1909f56bfc062723c751e8b465ee728b)
Start importing Assets/Scenes/Human_cloth_model/Models/Accessories/Hair_02.fbx using Guid(972e0bd0f60782b4e911947cd9e6a2ca) Importer(815301076,1909f56bfc062723c751e8b465ee728b)  -> (artifact id: '11a0fd811d7c6ec73a2a862696a0a13d') in 0.016013 seconds 
========================================================================
Received Import Request.
  Time since last request: 0.000048 seconds.
  path: Assets/Scenes/Human_cloth_model/Models/Accessories/Hat_Beanie.fbx
  artifactKey: Guid(02409c006fd84404da6e0a6c08bc959d) Importer(815301076,1909f56bfc062723c751e8b465ee728b)
Start importing Assets/Scenes/Human_cloth_model/Models/Accessories/Hat_Beanie.fbx using Guid(02409c006fd84404da6e0a6c08bc959d) Importer(815301076,1909f56bfc062723c751e8b465ee728b)  -> (artifact id: 'd6a4f70b782632827f961fc4ba1bbf59') in 0.018832 seconds 
========================================================================
Received Import Request.
  Time since last request: 0.000037 seconds.
  path: Assets/Scenes/Human_cloth_model/Models/Accessories/Hat_Cap.fbx
  artifactKey: Guid(de498bcd883b97347b925be0de77ea1c) Importer(815301076,1909f56bfc062723c751e8b465ee728b)
Start importing Assets/Scenes/Human_cloth_model/Models/Accessories/Hat_Cap.fbx using Guid(de498bcd883b97347b925be0de77ea1c) Importer(815301076,1909f56bfc062723c751e8b465ee728b)  -> (artifact id: '4f8463b1b50590acf0747801f1e56e4e') in 0.016804 seconds 
========================================================================
Received Import Request.
  Time since last request: 0.000042 seconds.
  path: Assets/Scenes/Human_cloth_model/Models/Accessories/Headphones.fbx
  artifactKey: Guid(ee8613387c522d14b924a6bce708e405) Importer(815301076,1909f56bfc062723c751e8b465ee728b)
Start importing Assets/Scenes/Human_cloth_model/Models/Accessories/Headphones.fbx using Guid(ee8613387c522d14b924a6bce708e405) Importer(815301076,1909f56bfc062723c751e8b465ee728b)  -> (artifact id: 'a05a79dae8696f14c8ef29434a661452') in 0.014143 seconds 
========================================================================
Received Import Request.
  Time since last request: 19.568040 seconds.
  path: Assets/Scenes/Human_cloth_model/Textures/Color_Palette_3.jpg
  artifactKey: Guid(5954a08cea1e9434f85cc510f6f899d4) Importer(815301076,1909f56bfc062723c751e8b465ee728b)
Start importing Assets/Scenes/Human_cloth_model/Textures/Color_Palette_3.jpg using Guid(5954a08cea1e9434f85cc510f6f899d4) Importer(815301076,1909f56bfc062723c751e8b465ee728b)  -> (artifact id: 'dbf0048d9062963d52c0e3550f3f6c2f') in 0.030617 seconds 
========================================================================
Received Import Request.
  Time since last request: 0.000017 seconds.
  path: Assets/Scenes/Human_cloth_model/Textures/Color_Palette_6.jpg
  artifactKey: Guid(ceb905beb27ae3740b99b248bd9ede7e) Importer(815301076,1909f56bfc062723c751e8b465ee728b)
Start importing Assets/Scenes/Human_cloth_model/Textures/Color_Palette_6.jpg using Guid(ceb905beb27ae3740b99b248bd9ede7e) Importer(815301076,1909f56bfc062723c751e8b465ee728b)  -> (artifact id: 'a5592dfb7ae97fed15fec8a0568b01b2') in 0.010647 seconds 
Editor requested this worker to shutdown with reason: Scaling down because of idle timeout
AssetImportWorker is now disconnected from the server
Process exiting
Exiting without the bug reporter. Application will terminate with return code 0